<?xml version="1.0" encoding="UTF-8"?>
<testsuite xmlns:xsi="http://www.w3.org/2001/XMLSchema-instance" xsi:noNamespaceSchemaLocation="https://maven.apache.org/surefire/maven-surefire-plugin/xsd/surefire-test-report-3.0.xsd" version="3.0" name="com.mycompany.quickchatapp.QuickChatMainTest" time="0.388" tests="8" errors="0" skipped="0" failures="0">
  <properties>
[...]
</properties>
  <testcase name="testStaticFieldModification" classname="com.mycompany.quickchatapp.QuickChatMainTest" time="0.099"/>
  <testcase name="testSaveMessageMultiple" classname="com.mycompany.quickchatapp.QuickChatMainTest" time="0.072"/>
  <testcase name="testSaveMessage" classname="com.mycompany.quickchatapp.QuickChatMainTest" time="0.033"/>
  <testcase name="testSaveMessageWithEmptyStrings" classname="com.mycompany.quickchatapp.QuickChatMainTest" time="0.019"/>
  <testcase name="testStaticFieldInitialization" classname="com.mycompany.quickchatapp.QuickChatMainTest" time="0.012"/>
  <testcase name="testSaveMessageWithSpecialCharacters" classname="com.mycompany.quickchatapp.QuickChatMainTest" time="0.021"/>
  <testcase name="testMessagesFileConstant" classname="com.mycompany.quickchatapp.QuickChatMainTest" time="0.016"/>
  <testcase name="testFileAppendFunctionality" classname="com.mycompany.quickchatapp.QuickChatMainTest" time="0.023"/>
</testsuite>